
  [32m[1mVITE[22m v5.4.21[39m  [2mready in [0m[1m483[22m[2m[0m ms[22m

  [32m➜[39m  [1mLocal[22m:   [36mhttp://localhost:[1m5173[22m/[39m
  [32m➜[39m  [1mNetwork[22m: [36mhttp://192.168.0.117:[1m5173[22m/[39m
  [32m➜[39m  [1mNetwork[22m: [36mhttp://172.30.176.1:[1m5173[22m/[39m
[2m[32m  ➜[39m[22m[2m  press [22m[1mh + enter[22m[2m to show help[22m
[2m5:34:41 pm[22m [31m[1m[vite][22m[39m [31mws proxy error:[39m
Error: read ECONNRESET
    at TCP.onStreamRead (node:internal/stream_base_commons:216:20)
[2m5:44:14 pm[22m [31m[1m[vite][22m[39m [31mhttp proxy error: /api/auth/login[39m
AggregateError [ECONNREFUSED]: 
    at internalConnectMultiple (node:net:1134:18)
    at afterConnectMultiple (node:net:1715:7)
[2m5:44:28 pm[22m [31m[1m[vite][22m[39m [31mhttp proxy error: /api/auth/login[39m
AggregateError [ECONNREFUSED]: 
    at internalConnectMultiple (node:net:1134:18)
    at afterConnectMultiple (node:net:1715:7)
[2m5:47:49 pm[22m [31m[1m[vite][22m[39m [31mhttp proxy error: /api/auth/login[39m
AggregateError [ECONNREFUSED]: 
    at internalConnectMultiple (node:net:1134:18)
    at afterConnectMultiple (node:net:1715:7)
[2m5:53:38 pm[22m [31m[1m[vite][22m[39m [31mhttp proxy error: /api/auth/login[39m
AggregateError [ECONNREFUSED]: 
    at internalConnectMultiple (node:net:1134:18)
    at afterConnectMultiple (node:net:1715:7)
[2m5:53:55 pm[22m [31m[1m[vite][22m[39m [31mhttp proxy error: /api/auth/login[39m
AggregateError [ECONNREFUSED]: 
    at internalConnectMultiple (node:net:1134:18)
    at afterConnectMultiple (node:net:1715:7)
